#
# There is insufficient memory for the Java Runtime Environment to continue.
# Native memory allocation (mmap) failed to map 266338304 bytes for Failed to commit area from 0x0000000702200000 to 0x0000000712000000 of length 266338304.
# Possible reasons:
#   The system is out of physical RAM or swap space
#   The process is running with CompressedOops enabled, and the Java Heap may be blocking the growth of the native heap
# Possible solutions:
#   Reduce memory load on the system
#   Increase physical memory or swap space
#   Check if swap backing store is full
#   Decrease Java heap size (-Xmx/-Xms)
#   Decrease number of Java threads
#   Decrease Java thread stack sizes (-Xss)
#   Set larger code cache with -XX:ReservedCodeCacheSize=
# This output file may be truncated or incomplete.
#
#  Out of Memory Error (./src/hotspot/os/windows/os_windows.cpp:3619), pid=15932, tid=14740
#
# JRE version:  (11.0.13) (build )
# Java VM: OpenJDK 64-Bit Server VM (11.0.13+0-b1751.21-8125866, mixed mode, sharing, tiered, compressed oops, g1 gc, windows-amd64)
# No core dump will be written. Minidumps are not enabled by default on client versions of Windows
#

---------------  S U M M A R Y ------------

Command Line: org.jetbrains.kotlin.cli.jvm.K2JVMCompiler @C:\Users\ivanp\AndroidStudioProjects\FuelPrices\app\build\20221206_14590725781602271618.compiler.options

Host: Intel(R) Core(TM) i5-8400 CPU @ 2.80GHz, 6 cores, 15G,  Windows 10 , 64 bit Build 19041 (10.0.19041.2251)
Time: Tue Dec  6 23:23:08 2022 Hora estándar romance elapsed time: 0.008697 seconds (0d 0h 0m 0s)

---------------  T H R E A D  ---------------

Current thread (0x00000204e7dbe000):  JavaThread "Unknown thread" [_thread_in_vm, id=14740, stack(0x000000120d800000,0x000000120d900000)]

Stack: [0x000000120d800000,0x000000120d900000]
Native frames: (J=compiled Java code, j=interpreted, Vv=VM code, C=native code)
V  [jvm.dll+0x6100fa]
V  [jvm.dll+0x747090]
V  [jvm.dll+0x7486ad]
V  [jvm.dll+0x748d83]
V  [jvm.dll+0x24ab48]
V  [jvm.dll+0x60d164]
V  [jvm.dll+0x601e75]
V  [jvm.dll+0x308bdb]
V  [jvm.dll+0x308b4a]
V  [jvm.dll+0x308a22]
V  [jvm.dll+0x30d986]
V  [jvm.dll+0x357093]
V  [jvm.dll+0x357796]
V  [jvm.dll+0x357193]
V  [jvm.dll+0x2e3448]
V  [jvm.dll+0x2e45f7]
V  [jvm.dll+0x7242e7]
V  [jvm.dll+0x725adc]
V  [jvm.dll+0x364629]
V  [jvm.dll+0x707cee]
V  [jvm.dll+0x3d2633]
V  [jvm.dll+0x3d4a21]
C  [jli.dll+0x536b]
C  [ucrtbase.dll+0x21bb2]
C  [KERNEL32.DLL+0x174b4]
C  [ntdll.dll+0x526a1]


---------------  P R O C E S S  ---------------

Threads class SMR info:
_java_thread_list=0x00000204e5bc5dd0, length=0, elements={
}

Java Threads: ( => current thread )

Other Threads:
  0x00000204e7dd6000 GCTaskThread "GC Thread#0" [stack: 0x000000120d900000,0x000000120da00000] [id=19116]
  0x00000204e7e31800 ConcurrentGCThread "G1 Main Marker" [stack: 0x000000120da00000,0x000000120db00000] [id=9196]
  0x00000204e7e33000 ConcurrentGCThread "G1 Conc#0" [stack: 0x000000120db00000,0x000000120dc00000] [id=6932]

[error occurred during error reporting (printing all threads), id 0xc0000005, EXCEPTION_ACCESS_VIOLATION (0xc0000005) at pc=0x00007ff870d63dd7]

VM state:not at safepoint (not fully initialized)

VM Mutex/Monitor currently owned by a thread:  ([mutex/lock_event])
[0x00000204e7dba800] Heap_lock - owner thread: 0x00000204e7dbe000

Heap address: 0x0000000702200000, size: 4062 MB, Compressed Oops mode: Non-zero based: 0x0000000702200000
Narrow klass base: 0x0000000000000000, Narrow klass shift: 0

GC Heap History (0 events):
No events

Deoptimization events (0 events):
No events

Classes redefined (0 events):
No events

Internal exceptions (0 events):
No events

Events (1 events):
Event: 0.005 Loaded shared library C:\Program Files\Android\Android Studio\jre\bin\zip.dll


Dynamic libraries:
0x00007ff784690000 - 0x00007ff78469a000 	C:\Program Files\Android\Android Studio\jre\bin\java.exe
0x00007ff8f58d0000 - 0x00007ff8f5ac8000 	C:\WINDOWS\SYSTEM32\ntdll.dll
0x00007ff8f4b40000 - 0x00007ff8f4bff000 	C:\WINDOWS\System32\KERNEL32.DLL
0x00007ff8f2fd0000 - 0x00007ff8f32a2000 	C:\WINDOWS\System32\KERNELBASE.dll
0x00007ff8f3340000 - 0x00007ff8f3440000 	C:\WINDOWS\System32\ucrtbase.dll
0x00007ff8da980000 - 0x00007ff8da999000 	C:\Program Files\Android\Android Studio\jre\bin\jli.dll
0x00007ff8d99a0000 - 0x00007ff8d99b7000 	C:\Program Files\Android\Android Studio\jre\bin\VCRUNTIME140.dll
0x00007ff8f4e70000 - 0x00007ff8f500d000 	C:\WINDOWS\System32\USER32.dll
0x00007ff8dbe20000 - 0x00007ff8dc0ba000 	C:\WINDOWS\WinSxS\amd64_microsoft.windows.common-controls_6595b64144ccf1df_6.0.19041.1110_none_60b5254171f9507e\COMCTL32.dll
0x00007ff8f38c0000 - 0x00007ff8f38e2000 	C:\WINDOWS\System32\win32u.dll
0x00007ff8f52a0000 - 0x00007ff8f533e000 	C:\WINDOWS\System32\msvcrt.dll
0x00007ff8f4b10000 - 0x00007ff8f4b3b000 	C:\WINDOWS\System32\GDI32.dll
0x00007ff8f3700000 - 0x00007ff8f380f000 	C:\WINDOWS\System32\gdi32full.dll
0x00007ff8f34b0000 - 0x00007ff8f354d000 	C:\WINDOWS\System32\msvcp_win.dll
0x00007ff8f3c80000 - 0x00007ff8f3cb2000 	C:\WINDOWS\System32\IMM32.DLL
0x00007ff8b5ee0000 - 0x00007ff8b5f7d000 	C:\Program Files\Android\Android Studio\jre\bin\msvcp140.dll
0x00007ff870a70000 - 0x00007ff871572000 	C:\Program Files\Android\Android Studio\jre\bin\server\jvm.dll
0x00007ff8f4d40000 - 0x00007ff8f4dee000 	C:\WINDOWS\System32\ADVAPI32.dll
0x00007ff8f4a70000 - 0x00007ff8f4b0c000 	C:\WINDOWS\System32\sechost.dll
0x00007ff8f5340000 - 0x00007ff8f5465000 	C:\WINDOWS\System32\RPCRT4.dll
0x00007ff8f4d30000 - 0x00007ff8f4d38000 	C:\WINDOWS\System32\PSAPI.DLL
0x00007ff8d6110000 - 0x00007ff8d6119000 	C:\WINDOWS\SYSTEM32\WSOCK32.dll
0x00007ff8e3000000 - 0x00007ff8e3027000 	C:\WINDOWS\SYSTEM32\WINMM.dll
0x00007ff8ebed0000 - 0x00007ff8ebeda000 	C:\WINDOWS\SYSTEM32\VERSION.dll
0x00007ff8f4c60000 - 0x00007ff8f4ccb000 	C:\WINDOWS\System32\WS2_32.dll
0x00007ff8f0dd0000 - 0x00007ff8f0de2000 	C:\WINDOWS\SYSTEM32\kernel.appcore.dll
0x00007ff8ece30000 - 0x00007ff8ece41000 	C:\Program Files\Android\Android Studio\jre\bin\verify.dll
0x00007ff8e0620000 - 0x00007ff8e0804000 	C:\WINDOWS\SYSTEM32\DBGHELP.DLL
0x00007ff8d50b0000 - 0x00007ff8d50dc000 	C:\WINDOWS\SYSTEM32\dbgcore.DLL
0x00007ff8f32b0000 - 0x00007ff8f3332000 	C:\WINDOWS\System32\bcryptPrimitives.dll
0x00007ff8ec950000 - 0x00007ff8ec979000 	C:\Program Files\Android\Android Studio\jre\bin\java.dll
0x00007ff8ec940000 - 0x00007ff8ec94b000 	C:\Program Files\Android\Android Studio\jre\bin\jimage.dll
0x00007ff8e65d0000 - 0x00007ff8e65e8000 	C:\Program Files\Android\Android Studio\jre\bin\zip.dll

dbghelp: loaded successfully - version: 4.0.5 - missing functions: none
symbol engine: initialized successfully - sym options: 0x614 - pdb path: .;C:\Program Files\Android\Android Studio\jre\bin;C:\WINDOWS\SYSTEM32;C:\WINDOWS\WinSxS\amd64_microsoft.windows.common-controls_6595b64144ccf1df_6.0.19041.1110_none_60b5254171f9507e;C:\Program Files\Android\Android Studio\jre\bin\server

VM Arguments:
java_command: org.jetbrains.kotlin.cli.jvm.K2JVMCompiler @C:\Users\ivanp\AndroidStudioProjects\FuelPrices\app\build\20221206_14590725781602271618.compiler.options
java_class_path (initial): C:\Users\ivanp\.gradle\caches\modules-2\files-2.1\org.jetbrains.kotlin\kotlin-compiler-embeddable\1.7.10\909803167c98606fcf22b4c848647c68e351d48d\kotlin-compiler-embeddable-1.7.10.jar;C:\Users\ivanp\.gradle\caches\modules-2\files-2.1\org.jetbrains.kotlin\kotlin-reflect\1.7.10\165e600dfea6185cf5efa700756294cc4904dbeb\kotlin-reflect-1.7.10.jar;C:\Users\ivanp\.gradle\caches\modules-2\files-2.1\org.jetbrains.kotlin\kotlin-stdlib\1.7.10\d2abf9e77736acc4450dc4a3f707fa2c10f5099d\kotlin-stdlib-1.7.10.jar;C:\Users\ivanp\.gradle\caches\modules-2\files-2.1\org.jetbrains.kotlin\kotlin-script-runtime\1.7.10\c99c87a6988d8fd8d5142e9ed5c9f34a7cf561ee\kotlin-script-runtime-1.7.10.jar;C:\Users\ivanp\.gradle\caches\modules-2\files-2.1\org.jetbrains.kotlin\kotlin-daemon-embeddable\1.7.10\3a9f7aef7080d3ae63126cbba4f827ed664f32fa\kotlin-daemon-embeddable-1.7.10.jar;C:\Users\ivanp\.gradle\caches\modules-2\files-2.1\org.jetbrains.intellij.deps\trove4j\1.0.20200330\3afb14d5f9ceb459d724e907a21145e8ff394f02\trove4j-1.0.20200330.jar;C:\Users\ivanp\.gradle\caches\modules-2\files-2.1\net.java.dev.jna\jna\5.6.0\330f2244e9030119ab3030fc3fededc86713d9cc\jna-5.6.0.jar;C:\Users\ivanp\.gradle\caches\modules-2\files-2.1\org.jetbrains.kotlin\kotlin-stdlib-common\1.7.10\bac80c520d0a9e3f3673bc2658c6ed02ef45a76a\kotlin-stdlib-common-1.7.10.jar;C:\Users\ivanp\.gradle\caches\modules-2\files-2.1\org.jetbrains\annotations\13.0\919f0dfe192fb4e063e7dacadee7f8bb9a2672a9\annotations-13.0.jar
Launcher Type: SUN_STANDARD

[Global flags]
     intx CICompilerCount                          = 3                                         {product} {ergonomic}
     uint ConcGCThreads                            = 2                                         {product} {ergonomic}
     uint G1ConcRefinementThreads                  = 6                                         {product} {ergonomic}
   size_t G1HeapRegionSize                         = 1048576                                   {product} {ergonomic}
    uintx GCDrainStackTargetSize                   = 64                                        {product} {ergonomic}
   size_t InitialHeapSize                          = 266338304                                 {product} {ergonomic}
   size_t MarkStackSize                            = 4194304                                   {product} {ergonomic}
   size_t MaxHeapSize                              = 4259315712                                {product} {ergonomic}
   size_t MinHeapDeltaBytes                        = 1048576                                   {product} {ergonomic}
    uintx NonNMethodCodeHeapSize                   = 5830732                                {pd product} {ergonomic}
    uintx NonProfiledCodeHeapSize                  = 122913754                              {pd product} {ergonomic}
    uintx ProfiledCodeHeapSize                     = 122913754                              {pd product} {ergonomic}
    uintx ReservedCodeCacheSize                    = 251658240                              {pd product} {ergonomic}
     bool SegmentedCodeCache                       = true                                      {product} {ergonomic}
     bool UseCompressedClassPointers               = true                                 {lp64_product} {ergonomic}
     bool UseCompressedOops                        = true                                 {lp64_product} {ergonomic}
     bool UseG1GC                                  = true                                      {product} {ergonomic}
     bool UseLargePagesIndividualAllocation        = false                                  {pd product} {ergonomic}

Logging:
Log output configuration:
 #0: stdout all=warning uptime,level,tags
 #1: stderr all=off uptime,level,tags

Environment Variables:
PATH=C:\Program Files\Microsoft\jdk-11.0.12.7-hotspot\bin;C:\Program Files\Eclipse Foundation\jdk-8.0.302.8-hotspot\bin;C:\Program Files\Common Files\Oracle\Java\javapath;C:\Program Files (x86)\Common Files\Oracle\Java\javapath;C:\WINDOWS\SYSTEM32;C:\WINDOWS;C:\WINDOWS\SYSTEM32\WBEM;C:\WINDOWS\SYSTEM32\WINDOWSPOWERSHELL\V1.0\;C:\WINDOWS\SYSTEM32\OPENSSH\;C:\Program Files\dotnet\;C:\Program Files\Microsoft SQL Server\130\Tools\Binn\;C:\Program Files\Microsoft SQL Server\Client SDK\ODBC\170\Tools\Binn\;C:\Program Files (x86)\Microsoft SQL Server\140\Tools\Binn\;C:\Program Files\Microsoft SQL Server\140\Tools\Binn\;C:\Program Files (x86)\Microsoft SQL Server\140\DTS\Binn\;C:\Program Files\Microsoft SQL Server\140\DTS\Binn\;C:\Program Files\Microsoft SQL Server\Client SDK\ODBC\130\Tools\Binn\;C:\Program Files (x86)\Microsoft SQL Server\150\DTS\Binn\;C:\WINDOWS\system32;C:\WINDOWS;C:\WINDOWS\System32\Wbem;C:\WINDOWS\System32\WindowsPowerShell\v1.0\;C:\WINDOWS\System32\OpenSSH\;C:\Program Files\PuTTY\;C:\Program Files\AutoFirma\AutoFirma;C:\Program Files\NVIDIA Corporation\NVIDIA NvDLISR;C:\Program Files\TortoiseSVN\bin;C:\Program Files (x86)\Microsoft SQL Server\150\Tools\Binn\;C:\Program Files\Microsoft SQL Server\150\Tools\Binn\;C:\Program Files\Microsoft SQL Server\150\DTS\Binn\;C:\Program Files (x86)\NVIDIA Corporation\PhysX\Common;C:\Program Files\Git\cmd;C:\Program Files\Calibre2\;C:\Users\ivanp\AppData\Local\Microsoft\WindowsApps;C:\Users\ivanp\.dotnet\tools;C:\Program Files\Azure Data Studio\bin;C:\Users\ivanp\AppData\Local\GitHubDesktop\bin
USERNAME=ivanp
OS=Windows_NT
PROCESSOR_IDENTIFIER=Intel64 Family 6 Model 158 Stepping 10, GenuineIntel



---------------  S Y S T E M  ---------------

OS: Windows 10 , 64 bit Build 19041 (10.0.19041.2251)
OS uptime: 24 days 22:45 hours

CPU:total 6 (initial active 6) (6 cores per cpu, 1 threads per core) family 6 model 158 stepping 10 microcode 0xb4, cmov, cx8, fxsr, mmx, sse, sse2, sse3, ssse3, sse4.1, sse4.2, popcnt, avx, avx2, aes, clmul, erms, 3dnowpref, lzcnt, tsc, tscinvbit, bmi1, bmi2, adx, fma

Memory: 4k page, system-wide physical 16247M (3472M free)
TotalPageFile size 44862M (AvailPageFile size 253M)
current process WorkingSet (physical memory assigned to process): 10M, peak: 10M
current process commit charge ("private bytes"): 56M, peak: 310M

vm_info: OpenJDK 64-Bit Server VM (11.0.13+0-b1751.21-8125866) for windows-amd64 JRE (11.0.13+0-b1751.21-8125866), built on Feb  2 2022 03:00:22 by "builder" with MS VC++ 14.0 (VS2015)

END.
